{"/home/user/task-tracker/server.js": {"path":"/home/user/task-tracker/server.js","statementMap":{"0":{"start":{"line":1,"column":16},"end":{"line":1,"column":34}},"1":{"start":{"line":2,"column":17},"end":{"line":2,"column":30}},"2":{"start":{"line":3,"column":11},"end":{"line":3,"column":24}},"3":{"start":{"line":4,"column":13},"end":{"line":4,"column":28}},"4":{"start":{"line":6,"column":12},"end":{"line":6,"column":21}},"5":{"start":{"line":7,"column":0},"end":{"line":7,"column":24}},"6":{"start":{"line":8,"column":0},"end":{"line":8,"column":48}},"7":{"start":{"line":10,"column":0},"end":{"line":12,"column":1}},"8":{"start":{"line":11,"column":4},"end":{"line":11,"column":38}},"9":{"start":{"line":14,"column":19},"end":{"line":16,"column":41}},"10":{"start":{"line":19,"column":0},"end":{"line":23,"column":1}},"11":{"start":{"line":20,"column":4},"end":{"line":20,"column":61}},"12":{"start":{"line":22,"column":4},"end":{"line":22,"column":45}},"13":{"start":{"line":25,"column":13},"end":{"line":25,"column":32}},"14":{"start":{"line":28,"column":4},"end":{"line":37,"column":5}},"15":{"start":{"line":29,"column":24},"end":{"line":29,"column":56}},"16":{"start":{"line":30,"column":8},"end":{"line":34,"column":9}},"17":{"start":{"line":31,"column":24},"end":{"line":31,"column":56}},"18":{"start":{"line":32,"column":12},"end":{"line":32,"column":34}},"19":{"start":{"line":33,"column":12},"end":{"line":33,"column":65}},"20":{"start":{"line":36,"column":8},"end":{"line":36,"column":48}},"21":{"start":{"line":41,"column":4},"end":{"line":45,"column":5}},"22":{"start":{"line":42,"column":8},"end":{"line":42,"column":31}},"23":{"start":{"line":44,"column":8},"end":{"line":44,"column":23}},"24":{"start":{"line":48,"column":0},"end":{"line":51,"column":3}},"25":{"start":{"line":49,"column":4},"end":{"line":49,"column":76}},"26":{"start":{"line":49,"column":30},"end":{"line":49,"column":76}},"27":{"start":{"line":50,"column":4},"end":{"line":50,"column":75}},"28":{"start":{"line":53,"column":0},"end":{"line":55,"column":3}},"29":{"start":{"line":54,"column":4},"end":{"line":54,"column":31}},"30":{"start":{"line":57,"column":0},"end":{"line":64,"column":3}},"31":{"start":{"line":58,"column":4},"end":{"line":63,"column":5}},"32":{"start":{"line":59,"column":8},"end":{"line":59,"column":37}},"33":{"start":{"line":60,"column":8},"end":{"line":60,"column":35}},"34":{"start":{"line":62,"column":8},"end":{"line":62,"column":65}},"35":{"start":{"line":66,"column":0},"end":{"line":79,"column":3}},"36":{"start":{"line":67,"column":4},"end":{"line":78,"column":5}},"37":{"start":{"line":68,"column":23},"end":{"line":68,"column":106}},"38":{"start":{"line":69,"column":22},"end":{"line":69,"column":33}},"39":{"start":{"line":71,"column":27},"end":{"line":71,"column":117}},"40":{"start":{"line":72,"column":8},"end":{"line":72,"column":116}},"41":{"start":{"line":72,"column":29},"end":{"line":72,"column":112}},"42":{"start":{"line":73,"column":8},"end":{"line":73,"column":35}},"43":{"start":{"line":75,"column":8},"end":{"line":75,"column":52}},"44":{"start":{"line":77,"column":8},"end":{"line":77,"column":44}},"45":{"start":{"line":81,"column":0},"end":{"line":95,"column":3}},"46":{"start":{"line":82,"column":22},"end":{"line":82,"column":30}},"47":{"start":{"line":83,"column":4},"end":{"line":83,"column":74}},"48":{"start":{"line":83,"column":16},"end":{"line":83,"column":74}},"49":{"start":{"line":85,"column":4},"end":{"line":94,"column":5}},"50":{"start":{"line":86,"column":23},"end":{"line":89,"column":9}},"51":{"start":{"line":90,"column":24},"end":{"line":90,"column":38}},"52":{"start":{"line":91,"column":8},"end":{"line":91,"column":84}},"53":{"start":{"line":93,"column":8},"end":{"line":93,"column":44}},"54":{"start":{"line":97,"column":0},"end":{"line":108,"column":3}},"55":{"start":{"line":98,"column":4},"end":{"line":107,"column":5}},"56":{"start":{"line":99,"column":23},"end":{"line":102,"column":9}},"57":{"start":{"line":103,"column":8},"end":{"line":103,"column":85}},"58":{"start":{"line":103,"column":35},"end":{"line":103,"column":85}},"59":{"start":{"line":104,"column":8},"end":{"line":104,"column":74}},"60":{"start":{"line":106,"column":8},"end":{"line":106,"column":44}},"61":{"start":{"line":110,"column":13},"end":{"line":110,"column":36}},"62":{"start":{"line":112,"column":0},"end":{"line":125,"column":1}},"63":{"start":{"line":113,"column":4},"end":{"line":124,"column":5}},"64":{"start":{"line":114,"column":19},"end":{"line":114,"column":20}},"65":{"start":{"line":115,"column":8},"end":{"line":118,"column":11}},"66":{"start":{"line":116,"column":12},"end":{"line":116,"column":75}},"67":{"start":{"line":117,"column":12},"end":{"line":117,"column":34}},"68":{"start":{"line":120,"column":8},"end":{"line":123,"column":11}},"69":{"start":{"line":121,"column":12},"end":{"line":121,"column":71}},"70":{"start":{"line":122,"column":12},"end":{"line":122,"column":34}},"71":{"start":{"line":127,"column":0},"end":{"line":127,"column":21}}},"fnMap":{"0":{"name":"runMigrations","decl":{"start":{"line":27,"column":15},"end":{"line":27,"column":28}},"loc":{"start":{"line":27,"column":31},"end":{"line":38,"column":1}},"line":27},"1":{"name":"sendResponse","decl":{"start":{"line":40,"column":9},"end":{"line":40,"column":21}},"loc":{"start":{"line":40,"column":52},"end":{"line":46,"column":1}},"line":40},"2":{"name":"(anonymous_2)","decl":{"start":{"line":48,"column":13},"end":{"line":48,"column":14}},"loc":{"start":{"line":48,"column":27},"end":{"line":51,"column":1}},"line":48},"3":{"name":"(anonymous_3)","decl":{"start":{"line":53,"column":25},"end":{"line":53,"column":26}},"loc":{"start":{"line":53,"column":39},"end":{"line":55,"column":1}},"line":53},"4":{"name":"(anonymous_4)","decl":{"start":{"line":57,"column":25},"end":{"line":57,"column":26}},"loc":{"start":{"line":57,"column":45},"end":{"line":64,"column":1}},"line":57},"5":{"name":"(anonymous_5)","decl":{"start":{"line":66,"column":18},"end":{"line":66,"column":19}},"loc":{"start":{"line":66,"column":38},"end":{"line":79,"column":1}},"line":66},"6":{"name":"(anonymous_6)","decl":{"start":{"line":72,"column":22},"end":{"line":72,"column":23}},"loc":{"start":{"line":72,"column":27},"end":{"line":72,"column":114}},"line":72},"7":{"name":"(anonymous_7)","decl":{"start":{"line":81,"column":19},"end":{"line":81,"column":20}},"loc":{"start":{"line":81,"column":39},"end":{"line":95,"column":1}},"line":81},"8":{"name":"(anonymous_8)","decl":{"start":{"line":97,"column":28},"end":{"line":97,"column":29}},"loc":{"start":{"line":97,"column":48},"end":{"line":108,"column":1}},"line":97},"9":{"name":"(anonymous_9)","decl":{"start":{"line":115,"column":27},"end":{"line":115,"column":28}},"loc":{"start":{"line":115,"column":39},"end":{"line":118,"column":9}},"line":115},"10":{"name":"(anonymous_10)","decl":{"start":{"line":120,"column":25},"end":{"line":120,"column":26}},"loc":{"start":{"line":120,"column":37},"end":{"line":123,"column":9}},"line":120}},"branchMap":{"0":{"loc":{"start":{"line":10,"column":0},"end":{"line":12,"column":1}},"type":"if","locations":[{"start":{"line":10,"column":0},"end":{"line":12,"column":1}},{"start":{},"end":{}}],"line":10},"1":{"loc":{"start":{"line":14,"column":19},"end":{"line":16,"column":41}},"type":"cond-expr","locations":[{"start":{"line":15,"column":6},"end":{"line":15,"column":33}},{"start":{"line":16,"column":6},"end":{"line":16,"column":41}}],"line":14},"2":{"loc":{"start":{"line":30,"column":8},"end":{"line":34,"column":9}},"type":"if","locations":[{"start":{"line":30,"column":8},"end":{"line":34,"column":9}},{"start":{},"end":{}}],"line":30},"3":{"loc":{"start":{"line":41,"column":4},"end":{"line":45,"column":5}},"type":"if","locations":[{"start":{"line":41,"column":4},"end":{"line":45,"column":5}},{"start":{"line":43,"column":11},"end":{"line":45,"column":5}}],"line":41},"4":{"loc":{"start":{"line":49,"column":4},"end":{"line":49,"column":76}},"type":"if","locations":[{"start":{"line":49,"column":4},"end":{"line":49,"column":76}},{"start":{},"end":{}}],"line":49},"5":{"loc":{"start":{"line":83,"column":4},"end":{"line":83,"column":74}},"type":"if","locations":[{"start":{"line":83,"column":4},"end":{"line":83,"column":74}},{"start":{},"end":{}}],"line":83},"6":{"loc":{"start":{"line":103,"column":8},"end":{"line":103,"column":85}},"type":"if","locations":[{"start":{"line":103,"column":8},"end":{"line":103,"column":85}},{"start":{},"end":{}}],"line":103},"7":{"loc":{"start":{"line":110,"column":13},"end":{"line":110,"column":36}},"type":"binary-expr","locations":[{"start":{"line":110,"column":13},"end":{"line":110,"column":28}},{"start":{"line":110,"column":32},"end":{"line":110,"column":36}}],"line":110},"8":{"loc":{"start":{"line":112,"column":0},"end":{"line":125,"column":1}},"type":"if","locations":[{"start":{"line":112,"column":0},"end":{"line":125,"column":1}},{"start":{},"end":{}}],"line":112},"9":{"loc":{"start":{"line":113,"column":4},"end":{"line":124,"column":5}},"type":"if","locations":[{"start":{"line":113,"column":4},"end":{"line":124,"column":5}},{"start":{"line":119,"column":11},"end":{"line":124,"column":5}}],"line":113}},"s":{"0":1,"1":1,"2":1,"3":1,"4":1,"5":1,"6":1,"7":1,"8":0,"9":1,"10":1,"11":1,"12":0,"13":1,"14":0,"15":0,"16":0,"17":0,"18":0,"19":0,"20":0,"21":3,"22":0,"23":3,"24":1,"25":2,"26":1,"27":1,"28":1,"29":1,"30":1,"31":1,"32":1,"33":1,"34":0,"35":1,"36":2,"37":2,"38":1,"39":1,"40":1,"41":2,"42":1,"43":1,"44":1,"45":1,"46":2,"47":2,"48":1,"49":1,"50":1,"51":1,"52":1,"53":0,"54":1,"55":2,"56":2,"57":2,"58":1,"59":1,"60":0,"61":1,"62":1,"63":0,"64":0,"65":0,"66":0,"67":0,"68":0,"69":0,"70":0,"71":1},"f":{"0":0,"1":3,"2":2,"3":1,"4":1,"5":2,"6":2,"7":2,"8":2,"9":0,"10":0},"b":{"0":[0,1],"1":[1,0],"2":[0,0],"3":[0,3],"4":[1,1],"5":[1,1],"6":[1,1],"7":[1,0],"8":[0,1],"9":[0,0]},"_coverageSchema":"1a1c01bbd47fc00a2c39e90264f33305004495a9","hash":"52cab03ef8ad4bc470817fbd559fba6277137ba0"}
}
