TN:
SF:server.js
FN:27,runMigrations
FN:40,sendResponse
FN:48,(anonymous_2)
FN:53,(anonymous_3)
FN:57,(anonymous_4)
FN:66,(anonymous_5)
FN:72,(anonymous_6)
FN:81,(anonymous_7)
FN:97,(anonymous_8)
FN:115,(anonymous_9)
FN:120,(anonymous_10)
FNF:11
FNH:7
FNDA:0,runMigrations
FNDA:3,sendResponse
FNDA:0,(anonymous_2)
FNDA:1,(anonymous_3)
FNDA:1,(anonymous_4)
FNDA:1,(anonymous_5)
FNDA:2,(anonymous_6)
FNDA:1,(anonymous_7)
FNDA:1,(anonymous_8)
FNDA:0,(anonymous_9)
FNDA:0,(anonymous_10)
DA:1,1
DA:2,1
DA:3,1
DA:4,1
DA:6,1
DA:7,1
DA:8,1
DA:10,1
DA:11,0
DA:14,1
DA:19,1
DA:20,1
DA:22,0
DA:25,1
DA:28,0
DA:29,0
DA:30,0
DA:31,0
DA:32,0
DA:33,0
DA:36,0
DA:41,3
DA:42,0
DA:44,3
DA:48,1
DA:49,0
DA:50,0
DA:53,1
DA:54,1
DA:57,1
DA:58,1
DA:59,1
DA:60,1
DA:62,0
DA:66,1
DA:67,1
DA:68,1
DA:69,1
DA:71,1
DA:72,2
DA:73,1
DA:75,1
DA:77,0
DA:81,1
DA:82,1
DA:83,1
DA:85,1
DA:86,1
DA:90,1
DA:91,1
DA:93,0
DA:97,1
DA:98,1
DA:99,1
DA:103,1
DA:104,1
DA:106,0
DA:110,1
DA:112,1
DA:113,0
DA:114,0
DA:115,0
DA:116,0
DA:117,0
DA:120,0
DA:121,0
DA:122,0
DA:127,1
LF:68
LH:44
BRDA:10,0,0,0
BRDA:10,0,1,1
BRDA:14,1,0,1
BRDA:14,1,1,0
BRDA:30,2,0,0
BRDA:30,2,1,0
BRDA:41,3,0,0
BRDA:41,3,1,3
BRDA:49,4,0,0
BRDA:49,4,1,0
BRDA:83,5,0,0
BRDA:83,5,1,1
BRDA:103,6,0,0
BRDA:103,6,1,1
BRDA:110,7,0,1
BRDA:110,7,1,0
BRDA:112,8,0,0
BRDA:112,8,1,1
BRDA:113,9,0,0
BRDA:113,9,1,0
BRF:20
BRH:7
end_of_record
